<?xml version="1.0" encoding="UTF-8"?>
<testsuite xmlns:xsi="http://www.w3.org/2001/XMLSchema-instance" xsi:noNamespaceSchemaLocation="https://maven.apache.org/surefire/maven-surefire-plugin/xsd/surefire-test-report.xsd" name="praktikum.yandex.ru.api.CourierApiTest" time="72.738" tests="10" errors="0" skipped="0" failures="1">
  <properties>
    <property name="java.specification.version" value="19"/>
    <property name="sun.jnu.encoding" value="UTF-8"/>
    <property name="java.class.path" value="/Users/natalia.melnikova/IdeaProjects/Sprint_7/target/test-classes:/Users/natalia.melnikova/IdeaProjects/Sprint_7/target/classes:/Users/natalia.melnikova/.m2/repository/io/rest-assured/rest-assured/5.2.0/rest-assured-5.2.0.jar:/Users/natalia.melnikova/.m2/repository/org/apache/groovy/groovy/4.0.1/groovy-4.0.1.jar:/Users/natalia.melnikova/.m2/repository/org/apache/groovy/groovy-xml/4.0.1/groovy-xml-4.0.1.jar:/Users/natalia.melnikova/.m2/repository/org/apache/httpcomponents/httpclient/4.5.13/httpclient-4.5.13.jar:/Users/natalia.melnikova/.m2/repository/org/apache/httpcomponents/httpcore/4.4.13/httpcore-4.4.13.jar:/Users/natalia.melnikova/.m2/repository/commons-logging/commons-logging/1.2/commons-logging-1.2.jar:/Users/natalia.melnikova/.m2/repository/commons-codec/commons-codec/1.11/commons-codec-1.11.jar:/Users/natalia.melnikova/.m2/repository/org/apache/httpcomponents/httpmime/4.5.13/httpmime-4.5.13.jar:/Users/natalia.melnikova/.m2/repository/org/hamcrest/hamcrest/2.1/hamcrest-2.1.jar:/Users/natalia.melnikova/.m2/repository/org/ccil/cowan/tagsoup/tagsoup/1.2.1/tagsoup-1.2.1.jar:/Users/natalia.melnikova/.m2/repository/io/rest-assured/json-path/5.2.0/json-path-5.2.0.jar:/Users/natalia.melnikova/.m2/repository/org/apache/groovy/groovy-json/4.0.1/groovy-json-4.0.1.jar:/Users/natalia.melnikova/.m2/repository/io/rest-assured/rest-assured-common/5.2.0/rest-assured-common-5.2.0.jar:/Users/natalia.melnikova/.m2/repository/io/rest-assured/xml-path/5.2.0/xml-path-5.2.0.jar:/Users/natalia.melnikova/.m2/repository/org/apache/commons/commons-lang3/3.11/commons-lang3-3.11.jar:/Users/natalia.melnikova/.m2/repository/junit/junit/4.13.2/junit-4.13.2.jar:/Users/natalia.melnikova/.m2/repository/org/hamcrest/hamcrest-core/1.3/hamcrest-core-1.3.jar:/Users/natalia.melnikova/.m2/repository/com/google/code/gson/gson/2.8.9/gson-2.8.9.jar:/Users/natalia.melnikova/.m2/repository/io/qameta/allure/allure-junit4/2.21.0/allure-junit4-2.21.0.jar:/Users/natalia.melnikova/.m2/repository/io/qameta/allure/allure-java-commons/2.21.0/allure-java-commons-2.21.0.jar:/Users/natalia.melnikova/.m2/repository/org/slf4j/slf4j-api/1.7.36/slf4j-api-1.7.36.jar:/Users/natalia.melnikova/.m2/repository/io/qameta/allure/allure-model/2.21.0/allure-model-2.21.0.jar:/Users/natalia.melnikova/.m2/repository/io/qameta/allure/allure-rest-assured/2.21.0/allure-rest-assured-2.21.0.jar:/Users/natalia.melnikova/.m2/repository/io/qameta/allure/allure-attachments/2.21.0/allure-attachments-2.21.0.jar:/Users/natalia.melnikova/.m2/repository/org/freemarker/freemarker/2.3.31/freemarker-2.3.31.jar:"/>
    <property name="java.vm.vendor" value="Oracle Corporation"/>
    <property name="sun.arch.data.model" value="64"/>
    <property name="java.vendor.url" value="https://java.oracle.com/"/>
    <property name="os.name" value="Mac OS X"/>
    <property name="java.vm.specification.version" value="19"/>
    <property name="sun.java.launcher" value="SUN_STANDARD"/>
    <property name="user.country" value="CY"/>
    <property name="sun.boot.library.path" value="/Users/natalia.melnikova/Library/Java/JavaVirtualMachines/openjdk-19.0.1/Contents/Home/lib"/>
    <property name="sun.java.command" value="/Users/natalia.melnikova/IdeaProjects/Sprint_7/target/surefire/surefirebooter16645478783433769812.jar /Users/natalia.melnikova/IdeaProjects/Sprint_7/target/surefire 2023-02-21T10-10-55_900-jvmRun1 surefire16416369944732419477tmp surefire_017751523641441940636tmp"/>
    <property name="http.nonProxyHosts" value="local|*.local|169.254/16|*.169.254/16"/>
    <property name="jdk.debug" value="release"/>
    <property name="surefire.test.class.path" value="/Users/natalia.melnikova/IdeaProjects/Sprint_7/target/test-classes:/Users/natalia.melnikova/IdeaProjects/Sprint_7/target/classes:/Users/natalia.melnikova/.m2/repository/io/rest-assured/rest-assured/5.2.0/rest-assured-5.2.0.jar:/Users/natalia.melnikova/.m2/repository/org/apache/groovy/groovy/4.0.1/groovy-4.0.1.jar:/Users/natalia.melnikova/.m2/repository/org/apache/groovy/groovy-xml/4.0.1/groovy-xml-4.0.1.jar:/Users/natalia.melnikova/.m2/repository/org/apache/httpcomponents/httpclient/4.5.13/httpclient-4.5.13.jar:/Users/natalia.melnikova/.m2/repository/org/apache/httpcomponents/httpcore/4.4.13/httpcore-4.4.13.jar:/Users/natalia.melnikova/.m2/repository/commons-logging/commons-logging/1.2/commons-logging-1.2.jar:/Users/natalia.melnikova/.m2/repository/commons-codec/commons-codec/1.11/commons-codec-1.11.jar:/Users/natalia.melnikova/.m2/repository/org/apache/httpcomponents/httpmime/4.5.13/httpmime-4.5.13.jar:/Users/natalia.melnikova/.m2/repository/org/hamcrest/hamcrest/2.1/hamcrest-2.1.jar:/Users/natalia.melnikova/.m2/repository/org/ccil/cowan/tagsoup/tagsoup/1.2.1/tagsoup-1.2.1.jar:/Users/natalia.melnikova/.m2/repository/io/rest-assured/json-path/5.2.0/json-path-5.2.0.jar:/Users/natalia.melnikova/.m2/repository/org/apache/groovy/groovy-json/4.0.1/groovy-json-4.0.1.jar:/Users/natalia.melnikova/.m2/repository/io/rest-assured/rest-assured-common/5.2.0/rest-assured-common-5.2.0.jar:/Users/natalia.melnikova/.m2/repository/io/rest-assured/xml-path/5.2.0/xml-path-5.2.0.jar:/Users/natalia.melnikova/.m2/repository/org/apache/commons/commons-lang3/3.11/commons-lang3-3.11.jar:/Users/natalia.melnikova/.m2/repository/junit/junit/4.13.2/junit-4.13.2.jar:/Users/natalia.melnikova/.m2/repository/org/hamcrest/hamcrest-core/1.3/hamcrest-core-1.3.jar:/Users/natalia.melnikova/.m2/repository/com/google/code/gson/gson/2.8.9/gson-2.8.9.jar:/Users/natalia.melnikova/.m2/repository/io/qameta/allure/allure-junit4/2.21.0/allure-junit4-2.21.0.jar:/Users/natalia.melnikova/.m2/repository/io/qameta/allure/allure-java-commons/2.21.0/allure-java-commons-2.21.0.jar:/Users/natalia.melnikova/.m2/repository/org/slf4j/slf4j-api/1.7.36/slf4j-api-1.7.36.jar:/Users/natalia.melnikova/.m2/repository/io/qameta/allure/allure-model/2.21.0/allure-model-2.21.0.jar:/Users/natalia.melnikova/.m2/repository/io/qameta/allure/allure-rest-assured/2.21.0/allure-rest-assured-2.21.0.jar:/Users/natalia.melnikova/.m2/repository/io/qameta/allure/allure-attachments/2.21.0/allure-attachments-2.21.0.jar:/Users/natalia.melnikova/.m2/repository/org/freemarker/freemarker/2.3.31/freemarker-2.3.31.jar:"/>
    <property name="allure.results.directory" value="/Users/natalia.melnikova/IdeaProjects/Sprint_7/target/allure-results"/>
    <property name="sun.cpu.endian" value="little"/>
    <property name="user.home" value="/Users/natalia.melnikova"/>
    <property name="user.language" value="en"/>
    <property name="java.specification.vendor" value="Oracle Corporation"/>
    <property name="java.version.date" value="2022-10-18"/>
    <property name="java.home" value="/Users/natalia.melnikova/Library/Java/JavaVirtualMachines/openjdk-19.0.1/Contents/Home"/>
    <property name="file.separator" value="/"/>
    <property name="basedir" value="/Users/natalia.melnikova/IdeaProjects/Sprint_7"/>
    <property name="java.vm.compressedOopsMode" value="Zero based"/>
    <property name="line.separator" value="&#10;"/>
    <property name="java.vm.specification.vendor" value="Oracle Corporation"/>
    <property name="java.specification.name" value="Java Platform API Specification"/>
    <property name="apple.awt.application.name" value="ForkedBooter"/>
    <property name="surefire.real.class.path" value="/Users/natalia.melnikova/IdeaProjects/Sprint_7/target/surefire/surefirebooter16645478783433769812.jar"/>
    <property name="sun.management.compiler" value="HotSpot 64-Bit Tiered Compilers"/>
    <property name="ftp.nonProxyHosts" value="local|*.local|169.254/16|*.169.254/16"/>
    <property name="java.runtime.version" value="19.0.1+10-21"/>
    <property name="user.name" value="natalia.melnikova"/>
    <property name="stdout.encoding" value="US-ASCII"/>
    <property name="path.separator" value=":"/>
    <property name="os.version" value="12.6"/>
    <property name="java.runtime.name" value="OpenJDK Runtime Environment"/>
    <property name="file.encoding" value="UTF-8"/>
    <property name="java.vm.name" value="OpenJDK 64-Bit Server VM"/>
    <property name="localRepository" value="/Users/natalia.melnikova/.m2/repository"/>
    <property name="java.vendor.url.bug" value="https://bugreport.java.com/bugreport/"/>
    <property name="java.io.tmpdir" value="/var/folders/1j/lgz3xrwd0590h7z_q8f9wl3w0000kt/T/"/>
    <property name="idea.version" value="2022.3.2"/>
    <property name="java.version" value="19.0.1"/>
    <property name="user.dir" value="/Users/natalia.melnikova/IdeaProjects/Sprint_7"/>
    <property name="os.arch" value="aarch64"/>
    <property name="java.vm.specification.name" value="Java Virtual Machine Specification"/>
    <property name="native.encoding" value="US-ASCII"/>
    <property name="java.library.path" value="/Users/natalia.melnikova/Library/Java/Extensions:/Library/Java/Extensions:/Network/Library/Java/Extensions:/System/Library/Java/Extensions:/usr/lib/java:."/>
    <property name="java.vm.info" value="mixed mode, sharing"/>
    <property name="stderr.encoding" value="US-ASCII"/>
    <property name="java.vendor" value="Oracle Corporation"/>
    <property name="java.vm.version" value="19.0.1+10-21"/>
    <property name="sun.io.unicode.encoding" value="UnicodeBig"/>
    <property name="socksNonProxyHosts" value="local|*.local|169.254/16|*.169.254/16"/>
    <property name="java.class.version" value="63.0"/>
  </properties>
  <testcase name="testCourierCannotLogInWithIncorrectLogin" classname="praktikum.yandex.ru.api.CourierApiTest" time="1.411"/>
  <testcase name="testCourierCannotLogInWithoutPassword" classname="praktikum.yandex.ru.api.CourierApiTest" time="61.544">
    <failure message="The status code must be 400 expected:&lt;400&gt; but was:&lt;504&gt;" type="java.lang.AssertionError"><![CDATA[java.lang.AssertionError: The status code must be 400 expected:<400> but was:<504>
	at praktikum.yandex.ru.api.CourierApiTest.testCourierCannotLogInWithoutPassword(CourierApiTest.java:133)
]]></failure>
  </testcase>
  <testcase name="testCourierCannotLogInWithoutLogin" classname="praktikum.yandex.ru.api.CourierApiTest" time="1.451"/>
  <testcase name="testCourierCannotLogInWithIncorrectPassword" classname="praktikum.yandex.ru.api.CourierApiTest" time="1.522"/>
  <testcase name="testCourierCannotBeCreatedWithoutPassword" classname="praktikum.yandex.ru.api.CourierApiTest" time="0.569"/>
  <testcase name="testCourierCanBeCreated" classname="praktikum.yandex.ru.api.CourierApiTest" time="1.462"/>
  <testcase name="testCourierCannotBeCreatedWithAlreadyExistedLogin" classname="praktikum.yandex.ru.api.CourierApiTest" time="1.347"/>
  <testcase name="testStatusCodeWhenCourierLogsIng" classname="praktikum.yandex.ru.api.CourierApiTest" time="1.465"/>
  <testcase name="testCourierCannotBeCreatedWithoutLogin" classname="praktikum.yandex.ru.api.CourierApiTest" time="0.556"/>
  <testcase name="testResponseBodyContainsIdWhenSuccess" classname="praktikum.yandex.ru.api.CourierApiTest" time="1.404"/>
</testsuite>